<html>
<head>
<title>stories.ForgotPw</title>
<style type="text/css" media="all">
@import url( "./style/jbehave-core.css" );
</style>
</head>
<body>
 
<script type="syntaxhighlighter" class="brush: xml"><![CDATA[
<story path="stories/ForgotPw.story" title="">
<scenario keyword="Scenario:" title="forgtot pasword pop up">
<step outcome="failed" keyword="FAILED">Given the unsigned user accesses the conference management home page<failure>net.thucydides.core.pages.WrongPageError: This is not the page you&apos;re looking for: I was looking for a page compatible with class mycompany.com.pages.HomePage but I was at the URL https://www.google.com.ua/</failure></step>
<step outcome="notPerformed" keyword="NOT PERFORMED">When user clicks the login button</step>
<step outcome="notPerformed" keyword="NOT PERFORMED">And clicks the forgot password link</step>
<step outcome="notPerformed" keyword="NOT PERFORMED">Then new pop up will appears saying <parameter>Send me a new password to my email address:</parameter></step>
<step outcome="notPerformed" keyword="NOT PERFORMED">And Cancel button appears</step>
<step outcome="notPerformed" keyword="NOT PERFORMED">And Continue button appears</step>
<failure>net.thucydides.core.pages.WrongPageError: This is not the page you&apos;re looking for: I was looking for a page compatible with class mycompany.com.pages.HomePage but I was at the URL https://www.google.com.ua/
	at net.serenitybdd.core.pages.PageObject.thisIsNotThePageYourLookingFor(PageObject.java:778)
	at net.serenitybdd.core.pages.PageObject.ensurePageIsOnAMatchingUrl(PageObject.java:759)
	at net.serenitybdd.core.pages.PageObject.checkUrlPatterns(PageObject.java:751)
	at net.serenitybdd.core.pages.PageObject.open(PageObject.java:740)
	at net.serenitybdd.core.pages.PageObject.open(PageObject.java:727)
	at mycompany.com.steps.serenity.ForgotPaswordPageSteps.gotoTheHomePage(ForgotPaswordPageSteps.java:21)
	at mycompany.com.steps.serenity.ForgotPaswordPageSteps$$EnhancerByCGLIB$$7d632023.CGLIB$gotoTheHomePage$1(&lt;generated&gt;)
	at mycompany.com.steps.serenity.ForgotPaswordPageSteps$$EnhancerByCGLIB$$7d632023$$FastClassByCGLIB$$681eeac8.invoke(&lt;generated&gt;)
	at net.sf.cglib.proxy.MethodProxy.invokeSuper(MethodProxy.java:228)
	at net.thucydides.core.steps.StepInterceptor.invokeMethod(StepInterceptor.java:372)
	at net.thucydides.core.steps.StepInterceptor.executeTestStepMethod(StepInterceptor.java:357)
	at net.thucydides.core.steps.StepInterceptor.runTestStep(StepInterceptor.java:332)
	at net.thucydides.core.steps.StepInterceptor.testStepResult(StepInterceptor.java:134)
	at net.thucydides.core.steps.StepInterceptor.intercept(StepInterceptor.java:61)
	at mycompany.com.steps.serenity.ForgotPaswordPageSteps$$EnhancerByCGLIB$$7d632023.gotoTheHomePage(&lt;generated&gt;)
	at mycompany.com.steps.jbehave.ForgotPasswordDefinitionsSteps.givenUserIsOnHomePage(ForgotPasswordDefinitionsSteps.java:20)
	(reflection-invoke)
	at org.jbehave.core.steps.StepCreator$ParametrisedStep.perform(StepCreator.java:733)
	at org.jbehave.core.embedder.PerformableTree$FineSoFar.run(PerformableTree.java:346)
...</failure>
</scenario>
<scenario keyword="Scenario:" title="Empty E-mail field  in  Sign in form">
<step outcome="failed" keyword="FAILED">Given the user accesses the conference management home page<failure>net.serenitybdd.core.exceptions.SerenityManagedException: no such window: target window already closed
from unknown error: web view not found
  (Session info: chrome=58.0.3029.110)
  (Driver info: chromedriver=2.30.477700 (0057494ad8732195794a7b32078424f92a5fce41),platform=Windows NT 6.1.7601 SP1 x86_64) (WARNING: The server did not provide any stacktrace information)
Command duration or timeout: 2 milliseconds
Build info: version: &apos;2.53.1&apos;, revision: &apos;a36b8b1cd5757287168e54b817830adce9b0158d&apos;, time: &apos;2016-06-30 19:26:09&apos;
System info: host: &apos;Кобз&apos;, ip: &apos;192.168.1.101&apos;, os.name: &apos;Windows 7&apos;, os.arch: &apos;amd64&apos;, os.version: &apos;6.1&apos;, java.version: &apos;1.8.0_60&apos;
Driver info: org.openqa.selenium.remote.RemoteWebDriver
Capabilities [{applicationCacheEnabled=false, rotatable=false, mobileEmulationEnabled=false, networkConnectionEnabled=false, chrome={chromedriverVersion=2.30.477700 (0057494ad8732195794a7b32078424f92a5fce41), userDataDir=C:\Users\8356~1\AppData\Local\Temp\scoped_dir9684_18331}, takesHeapSnapshot=true, pageLoadStrategy=normal, databaseEnabled=false, handlesAlerts=true, hasTouchScreen=false, version=58.0.3029.110, platform=XP, browserConnectionEnabled=false, nativeEvents=true, acceptSslCerts=true, locationContextEnabled=true, webStorageEnabled=true, browserName=chrome, takesScreenshot=true, javascriptEnabled=true, cssSelectorsEnabled=true, unexpectedAlertBehaviour=}]
Session ID: 9f061eec9fe2270467044290b144e47e</failure></step>
<step outcome="notPerformed" keyword="NOT PERFORMED">When user clicks the Your Account button</step>
<step outcome="notPerformed" keyword="NOT PERFORMED">And clicks the Forgot password link</step>
<step outcome="notPerformed" keyword="NOT PERFORMED">Then new pop up will appear</step>
<step outcome="notPerformed" keyword="NOT PERFORMED">And then click Continue button leaving E-mail field behind</step>
<failure>net.serenitybdd.core.exceptions.SerenityManagedException: no such window: target window already closed
from unknown error: web view not found
  (Session info: chrome=58.0.3029.110)
  (Driver info: chromedriver=2.30.477700 (0057494ad8732195794a7b32078424f92a5fce41),platform=Windows NT 6.1.7601 SP1 x86_64) (WARNING: The server did not provide any stacktrace information)
Command duration or timeout: 2 milliseconds
Build info: version: &apos;2.53.1&apos;, revision: &apos;a36b8b1cd5757287168e54b817830adce9b0158d&apos;, time: &apos;2016-06-30 19:26:09&apos;
System info: host: &apos;Кобз&apos;, ip: &apos;192.168.1.101&apos;, os.name: &apos;Windows 7&apos;, os.arch: &apos;amd64&apos;, os.version: &apos;6.1&apos;, java.version: &apos;1.8.0_60&apos;
Driver info: org.openqa.selenium.remote.RemoteWebDriver
Capabilities [{applicationCacheEnabled=false, rotatable=false, mobileEmulationEnabled=false, networkConnectionEnabled=false, chrome={chromedriverVersion=2.30.477700 (0057494ad8732195794a7b32078424f92a5fce41), userDataDir=C:\Users\8356~1\AppData\Local\Temp\scoped_dir9684_18331}, takesHeapSnapshot=true, pageLoadStrategy=normal, databaseEnabled=false, handlesAlerts=true, hasTouchScreen=false, version=58.0.3029.110, platform=XP, browserConnectionEnabled=false, nativeEvents=true, acceptSslCerts=true, locationContextEnabled=true, webStorageEnabled=true, browserName=chrome, takesScreenshot=true, javascriptEnabled=true, cssSelectorsEnabled=true, unexpectedAlertBehaviour=}]
Session ID: 9f061eec9fe2270467044290b144e47e
	at net.serenitybdd.core.exceptions.SerenityManagedException.detachedCopyOf(SerenityManagedException.java:20)
	at net.thucydides.core.steps.StepInterceptor.runTestStep(StepInterceptor.java:341)
	at net.thucydides.core.steps.StepInterceptor.testStepResult(StepInterceptor.java:134)
	at net.thucydides.core.steps.StepInterceptor.intercept(StepInterceptor.java:61)
	at mycompany.com.steps.serenity.ForgotPaswordPageSteps$$EnhancerByCGLIB$$7d632023.gotoTheHomePage(&lt;generated&gt;)
	at mycompany.com.steps.jbehave.ForgotPwWithoutFeelingEmailSteps.givenUserIsOnHomePage(ForgotPwWithoutFeelingEmailSteps.java:19)
	(reflection-invoke)
	at org.jbehave.core.steps.StepCreator$ParametrisedStep.perform(StepCreator.java:733)
	at org.jbehave.core.embedder.PerformableTree$FineSoFar.run(PerformableTree.java:346)
...</failure>
</scenario>
</story>

]]></script>
</body>
<!--  SyntaxHighlighter resources:  should be included at end of body -->
<link rel="stylesheet" type="text/css" href="./style/sh-3.0.83/shCore.css"/>
<link rel="stylesheet" type="text/css" href="./style/sh-3.0.83/shThemeRDark.css"/>
<script language="javascript" src="./js/sh-3.0.83/shCore.js"></script>
<script language="javascript" src="./js/sh-3.0.83/shBrushBash.js"></script>
<script language="javascript" src="./js/sh-3.0.83/shBrushCss.js"></script>
<script language="javascript" src="./js/sh-3.0.83/shBrushDiff.js"></script>
<script language="javascript" src="./js/sh-3.0.83/shBrushGroovy.js"></script>
<script language="javascript" src="./js/sh-3.0.83/shBrushJava.js"></script>
<script language="javascript" src="./js/sh-3.0.83/shBrushJScript.js"></script>
<script language="javascript" src="./js/sh-3.0.83/shBrushPlain.js"></script>
<script language="javascript" src="./js/sh-3.0.83/shBrushPython.js"></script>
<script language="javascript" src="./js/sh-3.0.83/shBrushRuby.js"></script>
<script language="javascript" src="./js/sh-3.0.83/shBrushScala.js"></script>
<script language="javascript" src="./js/sh-3.0.83/shBrushXml.js"></script>
<script language="javascript" src="./js/shBrushBdd.js"></script>
<script type="text/javascript">
    SyntaxHighlighter.defaults['gutter'] = false;
    SyntaxHighlighter.defaults['toolbar'] = false;    
    SyntaxHighlighter.all();
</script>
</html>
