<?xml version="1.0" encoding="UTF-8"?><testsuite errors="1" failures="1" name="Forgot pw" skipped="0" tests="2" time="8.32" timestamp="2017-06-160 12:02:35"><testcase name="forgtot pasword pop up"><failure message="This is not the page you're looking for: I was looking for a page compatible with class mycompany.com.pages.HomePage but I was at the URL https://www.google.com.ua/" type="net.thucydides.core.pages.WrongPageError">This is not the page you're looking for: I was looking for a page compatible with class mycompany.com.pages.HomePage but I was at the URL https://www.google.com.ua/</failure><system-err>This is not the page you're looking for: I was looking for a page compatible with class mycompany.com.pages.HomePage but I was at the URL https://www.google.com.ua/&#13;
mycompany.com.steps.serenity.ForgotPaswordPageSteps.gotoTheHomePage(ForgotPaswordPageSteps.java:21)&#13;
mycompany.com.steps.jbehave.ForgotPasswordDefinitionsSteps.givenUserIsOnHomePage(ForgotPasswordDefinitionsSteps.java:20)&#13;
</system-err></testcase><testcase name="Empty E-mail field  in  Sign in form"><error message="no such window: target window already closed&#10;from unknown error: web view not found&#10;  (Session info: chrome=58.0.3029.110)&#10;  (Driver info: chromedriver=2.30.477700 (0057494ad8732195794a7b32078424f92a5fce41),platform=Windows NT 6.1.7601 SP1 x86_64) (WARNING: The server did not provide any stacktrace information)&#10;Command duration or timeout: 2 milliseconds&#10;Build info: version: '2.53.1', revision: 'a36b8b1cd5757287168e54b817830adce9b0158d', time: '2016-06-30 19:26:09'&#10;System info: host: 'Кобз', ip: '192.168.1.101', os.name: 'Windows 7', os.arch: 'amd64', os.version: '6.1', java.version: '1.8.0_60'&#10;Driver info: org.openqa.selenium.remote.RemoteWebDriver&#10;Capabilities [{applicationCacheEnabled=false, rotatable=false, mobileEmulationEnabled=false, networkConnectionEnabled=false, chrome={chromedriverVersion=2.30.477700 (0057494ad8732195794a7b32078424f92a5fce41), userDataDir=C:\Users\8356~1\AppData\Local\Temp\scoped_dir9684_18331}, takesHeapSnapshot=true, pageLoadStrategy=normal, databaseEnabled=false, handlesAlerts=true, hasTouchScreen=false, version=58.0.3029.110, platform=XP, browserConnectionEnabled=false, nativeEvents=true, acceptSslCerts=true, locationContextEnabled=true, webStorageEnabled=true, browserName=chrome, takesScreenshot=true, javascriptEnabled=true, cssSelectorsEnabled=true, unexpectedAlertBehaviour=}]&#10;Session ID: 9f061eec9fe2270467044290b144e47e" type="org.openqa.selenium.NoSuchWindowException">no such window: target window already closed
from unknown error: web view not found
  (Session info: chrome=58.0.3029.110)
  (Driver info: chromedriver=2.30.477700 (0057494ad8732195794a7b32078424f92a5fce41),platform=Windows NT 6.1.7601 SP1 x86_64) (WARNING: The server did not provide any stacktrace information)
Command duration or timeout: 2 milliseconds
Build info: version: '2.53.1', revision: 'a36b8b1cd5757287168e54b817830adce9b0158d', time: '2016-06-30 19:26:09'
System info: host: 'Кобз', ip: '192.168.1.101', os.name: 'Windows 7', os.arch: 'amd64', os.version: '6.1', java.version: '1.8.0_60'
Driver info: org.openqa.selenium.remote.RemoteWebDriver
Capabilities [{applicationCacheEnabled=false, rotatable=false, mobileEmulationEnabled=false, networkConnectionEnabled=false, chrome={chromedriverVersion=2.30.477700 (0057494ad8732195794a7b32078424f92a5fce41), userDataDir=C:\Users\8356~1\AppData\Local\Temp\scoped_dir9684_18331}, takesHeapSnapshot=true, pageLoadStrategy=normal, databaseEnabled=false, handlesAlerts=true, hasTouchScreen=false, version=58.0.3029.110, platform=XP, browserConnectionEnabled=false, nativeEvents=true, acceptSslCerts=true, locationContextEnabled=true, webStorageEnabled=true, browserName=chrome, takesScreenshot=true, javascriptEnabled=true, cssSelectorsEnabled=true, unexpectedAlertBehaviour=}]
Session ID: 9f061eec9fe2270467044290b144e47e</error><system-err>no such window: target window already closed
from unknown error: web view not found
  (Session info: chrome=58.0.3029.110)
  (Driver info: chromedriver=2.30.477700 (0057494ad8732195794a7b32078424f92a5fce41),platform=Windows NT 6.1.7601 SP1 x86_64) (WARNING: The server did not provide any stacktrace information)
Command duration or timeout: 2 milliseconds
Build info: version: '2.53.1', revision: 'a36b8b1cd5757287168e54b817830adce9b0158d', time: '2016-06-30 19:26:09'
System info: host: 'Кобз', ip: '192.168.1.101', os.name: 'Windows 7', os.arch: 'amd64', os.version: '6.1', java.version: '1.8.0_60'
Driver info: org.openqa.selenium.remote.RemoteWebDriver
Capabilities [{applicationCacheEnabled=false, rotatable=false, mobileEmulationEnabled=false, networkConnectionEnabled=false, chrome={chromedriverVersion=2.30.477700 (0057494ad8732195794a7b32078424f92a5fce41), userDataDir=C:\Users\8356~1\AppData\Local\Temp\scoped_dir9684_18331}, takesHeapSnapshot=true, pageLoadStrategy=normal, databaseEnabled=false, handlesAlerts=true, hasTouchScreen=false, version=58.0.3029.110, platform=XP, browserConnectionEnabled=false, nativeEvents=true, acceptSslCerts=true, locationContextEnabled=true, webStorageEnabled=true, browserName=chrome, takesScreenshot=true, javascriptEnabled=true, cssSelectorsEnabled=true, unexpectedAlertBehaviour=}]
Session ID: 9f061eec9fe2270467044290b144e47e&#13;
mycompany.com.steps.serenity.ForgotPaswordPageSteps.gotoTheHomePage(ForgotPaswordPageSteps.java:21)&#13;
mycompany.com.steps.jbehave.ForgotPwWithoutFeelingEmailSteps.givenUserIsOnHomePage(ForgotPwWithoutFeelingEmailSteps.java:19)&#13;
</system-err></testcase></testsuite>